<?xml version="1.0" encoding="utf-8"?><testsuites name="pytest tests"><testsuite name="pytest" errors="0" failures="0" skipped="0" tests="16" time="19.695" timestamp="2026-07-15T21:44:03.044231+00:00" hostname="agent-env-960ba58a-d1f2-4730-87d9-8abec587d43c"><testcase classname="tests.test_role_and_ai.TestRoleEndpoint" name="test_teacher_role" time="1.688" /><testcase classname="tests.test_role_and_ai.TestRoleEndpoint" name="test_student_role" time="0.114" /><testcase classname="tests.test_role_and_ai.TestRoleEndpoint" name="test_role_requires_auth" time="0.142" /><testcase classname="tests.test_role_and_ai.TestRoleEndpoint" name="test_auth_me_teacher_includes_role" time="0.101" /><testcase classname="tests.test_role_and_ai.TestRoleEndpoint" name="test_auth_me_student_includes_role" time="0.110" /><testcase classname="tests.test_role_and_ai.TestStudentBlockedOnTeacherRoutes" name="test_student_cannot_create_coursework" time="0.143" /><testcase classname="tests.test_role_and_ai.TestStudentBlockedOnTeacherRoutes" name="test_student_cannot_list_submissions" time="0.109" /><testcase classname="tests.test_role_and_ai.TestStudentBlockedOnTeacherRoutes" name="test_student_cannot_use_ai_grade_help" time="0.104" /><testcase classname="tests.test_role_and_ai.TestStudentBlockedOnTeacherRoutes" name="test_student_cannot_submit_grade" time="0.156" /><testcase classname="tests.test_role_and_ai.TestTeacherBlockedOnStudentRoutes" name="test_teacher_cannot_get_student_coursework" time="0.099" /><testcase classname="tests.test_role_and_ai.TestTeacherBlockedOnStudentRoutes" name="test_teacher_cannot_get_student_coursework_detail" time="0.160" /><testcase classname="tests.test_role_and_ai.TestAiGradeHelp" name="test_ai_status_200" time="17.680" /><testcase classname="tests.test_role_and_ai.TestAiGradeHelp" name="test_ai_schema_no_final_grade" time="0.000" /><testcase classname="tests.test_role_and_ai.TestAiGradeHelp" name="test_ai_professor_reminder_present" time="0.000" /><testcase classname="tests.test_role_and_ai.TestAiGradeHelp" name="test_ai_grading_log_written" time="0.502" /><testcase classname="tests.test_role_and_ai.TestAiGradeHelp" name="test_ai_requires_auth" time="0.499" /></testsuite></testsuites>