<?xml version="1.0" encoding="utf-8"?><testsuites name="pytest tests"><testsuite name="pytest" errors="0" failures="0" skipped="0" tests="12" time="1.589" timestamp="2026-07-15T21:10:33.233613+00:00" hostname="agent-env-960ba58a-d1f2-4730-87d9-8abec587d43c"><testcase classname="tests.test_classroom_oauth.TestHealth" name="test_root" time="0.128" /><testcase classname="tests.test_classroom_oauth.TestOAuthCallback" name="test_callback_no_code_no_error" time="0.126" /><testcase classname="tests.test_classroom_oauth.TestOAuthCallback" name="test_callback_provider_error_access_denied" time="0.116" /><testcase classname="tests.test_classroom_oauth.TestHealth" name="test_auth_me_with_seed" time="0.120" /><testcase classname="tests.test_classroom_oauth.TestOAuthCallback" name="test_callback_provider_error_with_description" time="0.105" /><testcase classname="tests.test_classroom_oauth.TestHealth" name="test_dashboard_metrics_no_classroom" time="0.145" /><testcase classname="tests.test_classroom_oauth.TestOAuthCallback" name="test_callback_invalid_state" time="0.106" /><testcase classname="tests.test_classroom_oauth.TestOAuthStart" name="test_start_returns_auth_url_with_pkce" time="0.117" /><testcase classname="tests.test_classroom_oauth.TestOAuthCallback" name="test_callback_missing_only_code" time="0.150" /><testcase classname="tests.test_classroom_oauth.TestOAuthStart" name="test_start_unauthenticated" time="0.138" /><testcase classname="tests.test_classroom_oauth.TestOAuthlibRelaxScope" name="test_server_module_sets_relax_scope_env_var" time="0.018" /><testcase classname="tests.test_classroom_oauth.TestOAuthlibRelaxScope" name="test_oauthlib_accepts_scope_mismatch_when_relax_is_set" time="0.009" /></testsuite></testsuites>