<?xml version="1.0" encoding="utf-8"?><testsuites name="pytest tests"><testsuite name="pytest" errors="0" failures="0" skipped="0" tests="10" time="1.637" timestamp="2026-07-15T21:05:22.421086+00:00" hostname="agent-env-960ba58a-d1f2-4730-87d9-8abec587d43c"><testcase classname="tests.test_classroom_oauth.TestHealth" name="test_root" time="0.183" /><testcase classname="tests.test_classroom_oauth.TestOAuthCallback" name="test_callback_no_code_no_error" time="0.188" /><testcase classname="tests.test_classroom_oauth.TestHealth" name="test_auth_me_with_seed" time="0.117" /><testcase classname="tests.test_classroom_oauth.TestOAuthCallback" name="test_callback_provider_error_access_denied" time="0.122" /><testcase classname="tests.test_classroom_oauth.TestHealth" name="test_dashboard_metrics_no_classroom" time="0.148" /><testcase classname="tests.test_classroom_oauth.TestOAuthCallback" name="test_callback_provider_error_with_description" time="0.163" /><testcase classname="tests.test_classroom_oauth.TestOAuthStart" name="test_start_returns_auth_url_with_pkce" time="0.146" /><testcase classname="tests.test_classroom_oauth.TestOAuthCallback" name="test_callback_invalid_state" time="0.106" /><testcase classname="tests.test_classroom_oauth.TestOAuthCallback" name="test_callback_missing_only_code" time="0.101" /><testcase classname="tests.test_classroom_oauth.TestOAuthStart" name="test_start_unauthenticated" time="0.150" /></testsuite></testsuites>