<?xml version="1.0" encoding="utf-8"?><testsuites name="pytest tests"><testsuite name="pytest" errors="0" failures="0" skipped="0" tests="28" time="16.689" timestamp="2026-07-15T21:52:54.520656+00:00" hostname="agent-env-960ba58a-d1f2-4730-87d9-8abec587d43c"><testcase classname="tests.test_classroom_oauth.TestOAuthCallback" name="test_callback_no_code_no_error" time="0.188" /><testcase classname="tests.test_role_and_ai.TestRoleEndpoint" name="test_teacher_role" time="0.192" /><testcase classname="tests.test_classroom_oauth.TestOAuthCallback" name="test_callback_provider_error_access_denied" time="0.108" /><testcase classname="tests.test_role_and_ai.TestRoleEndpoint" name="test_student_role" time="0.100" /><testcase classname="tests.test_role_and_ai.TestRoleEndpoint" name="test_role_requires_auth" time="0.108" /><testcase classname="tests.test_classroom_oauth.TestOAuthCallback" name="test_callback_provider_error_with_description" time="0.155" /><testcase classname="tests.test_role_and_ai.TestRoleEndpoint" name="test_auth_me_teacher_includes_role" time="0.139" /><testcase classname="tests.test_classroom_oauth.TestOAuthCallback" name="test_callback_invalid_state" time="0.124" /><testcase classname="tests.test_role_and_ai.TestRoleEndpoint" name="test_auth_me_student_includes_role" time="0.102" /><testcase classname="tests.test_classroom_oauth.TestOAuthCallback" name="test_callback_missing_only_code" time="0.097" /><testcase classname="tests.test_role_and_ai.TestStudentBlockedOnTeacherRoutes" name="test_student_cannot_create_coursework" time="1.494" /><testcase classname="tests.test_role_and_ai.TestStudentBlockedOnTeacherRoutes" name="test_student_cannot_list_submissions" time="0.117" /><testcase classname="tests.test_role_and_ai.TestStudentBlockedOnTeacherRoutes" name="test_student_cannot_use_ai_grade_help" time="0.098" /><testcase classname="tests.test_role_and_ai.TestStudentBlockedOnTeacherRoutes" name="test_student_cannot_submit_grade" time="0.103" /><testcase classname="tests.test_classroom_oauth.TestHealth" name="test_root" time="0.133" /><testcase classname="tests.test_classroom_oauth.TestHealth" name="test_auth_me_with_seed" time="0.129" /><testcase classname="tests.test_classroom_oauth.TestHealth" name="test_dashboard_metrics_no_classroom" time="0.104" /><testcase classname="tests.test_classroom_oauth.TestOAuthStart" name="test_start_returns_auth_url_with_pkce" time="0.108" /><testcase classname="tests.test_classroom_oauth.TestOAuthStart" name="test_start_unauthenticated" time="0.108" /><testcase classname="tests.test_classroom_oauth.TestOAuthlibRelaxScope" name="test_server_module_sets_relax_scope_env_var" time="0.018" /><testcase classname="tests.test_classroom_oauth.TestOAuthlibRelaxScope" name="test_oauthlib_accepts_scope_mismatch_when_relax_is_set" time="0.009" /><testcase classname="tests.test_role_and_ai.TestTeacherBlockedOnStudentRoutes" name="test_teacher_cannot_get_student_coursework" time="0.123" /><testcase classname="tests.test_role_and_ai.TestTeacherBlockedOnStudentRoutes" name="test_teacher_cannot_get_student_coursework_detail" time="0.113" /><testcase classname="tests.test_role_and_ai.TestAiGradeHelp" name="test_ai_status_200" time="14.413" /><testcase classname="tests.test_role_and_ai.TestAiGradeHelp" name="test_ai_schema_no_final_grade" time="0.000" /><testcase classname="tests.test_role_and_ai.TestAiGradeHelp" name="test_ai_professor_reminder_present" time="0.000" /><testcase classname="tests.test_role_and_ai.TestAiGradeHelp" name="test_ai_grading_log_written" time="0.502" /><testcase classname="tests.test_role_and_ai.TestAiGradeHelp" name="test_ai_requires_auth" time="0.135" /></testsuite></testsuites>